<?xml version="1.0" encoding="UTF-8"?>
<coverage generated="1725908322611" clover="3.2.0">
  <project timestamp="1725908322611" name="All files">
    <metrics statements="68" coveredstatements="48" conditionals="24" coveredconditionals="17" methods="21" coveredmethods="17" elements="113" coveredelements="82" complexity="0" loc="68" ncloc="68" packages="5" files="6" classes="6"/>
    <package name="src">
      <metrics statements="2" coveredstatements="0" conditionals="0" coveredconditionals="0" methods="0" coveredmethods="0"/>
      <file name="main.tsx" path="/media/hugo/1b46445e-387f-4fcd-8c2a-14bda4906466/Documents/workspace/playground/calendar-system-design/src/main.tsx">
        <metrics statements="2" coveredstatements="0" conditionals="0" coveredconditionals="0" methods="0" coveredmethods="0"/>
        <line num="8" count="0" type="stmt"/>
        <line num="10" count="0" type="stmt"/>
      </file>
    </package>
    <package name="src.pages">
      <metrics statements="48" coveredstatements="34" conditionals="18" coveredconditionals="13" methods="13" coveredmethods="10"/>
      <file name="calendar.tsx" path="/media/hugo/1b46445e-387f-4fcd-8c2a-14bda4906466/Documents/workspace/playground/calendar-system-design/src/pages/calendar.tsx">
        <metrics statements="48" coveredstatements="34" conditionals="18" coveredconditionals="13" methods="13" coveredmethods="10"/>
        <line num="18" count="15" type="stmt"/>
        <line num="21" count="15" type="stmt"/>
        <line num="22" count="15" type="stmt"/>
        <line num="23" count="15" type="stmt"/>
        <line num="25" count="15" type="stmt"/>
        <line num="34" count="15" type="stmt"/>
        <line num="35" count="5" type="stmt"/>
        <line num="37" count="5" type="stmt"/>
        <line num="38" count="5" type="stmt"/>
        <line num="42" count="5" type="cond" truecount="2" falsecount="0"/>
        <line num="43" count="1" type="stmt"/>
        <line num="44" count="1" type="stmt"/>
        <line num="45" count="1" type="stmt"/>
        <line num="48" count="4" type="stmt"/>
        <line num="50" count="4" type="stmt"/>
        <line num="51" count="4" type="stmt"/>
        <line num="53" count="0" type="stmt"/>
        <line num="54" count="0" type="stmt"/>
        <line num="68" count="15" type="stmt"/>
        <line num="69" count="0" type="cond" truecount="0" falsecount="2"/>
        <line num="70" count="0" type="stmt"/>
        <line num="73" count="0" type="stmt"/>
        <line num="76" count="0" type="stmt"/>
        <line num="81" count="0" type="stmt"/>
        <line num="83" count="0" type="cond" truecount="0" falsecount="2"/>
        <line num="84" count="0" type="stmt"/>
        <line num="90" count="0" type="stmt"/>
        <line num="92" count="0" type="stmt"/>
        <line num="99" count="0" type="stmt"/>
        <line num="105" count="15" type="stmt"/>
        <line num="106" count="5" type="stmt"/>
        <line num="113" count="15" type="stmt"/>
        <line num="114" count="15" type="stmt"/>
        <line num="131" count="1" type="stmt"/>
        <line num="139" count="1" type="stmt"/>
        <line num="148" count="15" type="cond" truecount="4" falsecount="0"/>
        <line num="149" count="1" type="stmt"/>
        <line num="172" count="14" type="stmt"/>
        <line num="173" count="44" type="stmt"/>
        <line num="175" count="44" type="cond" truecount="1" falsecount="1"/>
        <line num="176" count="0" type="stmt"/>
        <line num="179" count="44" type="cond" truecount="2" falsecount="0"/>
        <line num="180" count="14" type="stmt"/>
        <line num="183" count="30" type="stmt"/>
        <line num="186" count="14" type="stmt"/>
        <line num="192" count="44" type="stmt"/>
        <line num="194" count="44" type="stmt"/>
        <line num="200" count="0" type="stmt"/>
      </file>
    </package>
    <package name="src.providers">
      <metrics statements="1" coveredstatements="1" conditionals="0" coveredconditionals="0" methods="1" coveredmethods="1"/>
      <file name="index.tsx" path="/media/hugo/1b46445e-387f-4fcd-8c2a-14bda4906466/Documents/workspace/playground/calendar-system-design/src/providers/index.tsx">
        <metrics statements="1" coveredstatements="1" conditionals="0" coveredconditionals="0" methods="1" coveredmethods="1"/>
        <line num="5" count="3" type="stmt"/>
      </file>
    </package>
    <package name="src.server">
      <metrics statements="13" coveredstatements="9" conditionals="5" coveredconditionals="3" methods="4" coveredmethods="3"/>
      <file name="index.ts" path="/media/hugo/1b46445e-387f-4fcd-8c2a-14bda4906466/Documents/workspace/playground/calendar-system-design/src/server/index.ts">
        <metrics statements="12" coveredstatements="8" conditionals="5" coveredconditionals="3" methods="4" coveredmethods="3"/>
        <line num="16" count="3" type="stmt"/>
        <line num="19" count="3" type="stmt"/>
        <line num="21" count="3" type="stmt"/>
        <line num="23" count="5" type="stmt"/>
        <line num="25" count="5" type="cond" truecount="2" falsecount="0"/>
        <line num="26" count="1" type="stmt"/>
        <line num="29" count="4" type="stmt"/>
        <line num="32" count="3" type="stmt"/>
        <line num="33" count="0" type="stmt"/>
        <line num="37" count="0" type="cond" truecount="0" falsecount="2"/>
        <line num="38" count="0" type="stmt"/>
        <line num="45" count="0" type="stmt"/>
      </file>
      <file name="mocks.ts" path="/media/hugo/1b46445e-387f-4fcd-8c2a-14bda4906466/Documents/workspace/playground/calendar-system-design/src/server/mocks.ts">
        <metrics statements="1" coveredstatements="1" conditionals="0" coveredconditionals="0" methods="0" coveredmethods="0"/>
        <line num="4" count="1" type="stmt"/>
      </file>
    </package>
    <package name="src.utils">
      <metrics statements="4" coveredstatements="4" conditionals="1" coveredconditionals="1" methods="3" coveredmethods="3"/>
      <file name="date.ts" path="/media/hugo/1b46445e-387f-4fcd-8c2a-14bda4906466/Documents/workspace/playground/calendar-system-design/src/utils/date.ts">
        <metrics statements="4" coveredstatements="4" conditionals="1" coveredconditionals="1" methods="3" coveredmethods="3"/>
        <line num="4" count="1" type="stmt"/>
        <line num="7" count="20" type="stmt"/>
        <line num="11" count="1" type="stmt"/>
        <line num="15" count="1" type="stmt"/>
      </file>
    </package>
  </project>
</coverage>
