{"/media/hugo/1b46445e-387f-4fcd-8c2a-14bda4906466/Documents/workspace/playground/calendar-system-design/src/main.tsx": {"path":"/media/hugo/1b46445e-387f-4fcd-8c2a-14bda4906466/Documents/workspace/playground/calendar-system-design/src/main.tsx","statementMap":{"0":{"start":{"line":8,"column":0},"end":{"line":8,"column":null}},"1":{"start":{"line":10,"column":0},"end":{"line":16,"column":null}}},"fnMap":{},"branchMap":{},"s":{"0":0,"1":0},"f":{},"b":{}}
,"/media/hugo/1b46445e-387f-4fcd-8c2a-14bda4906466/Documents/workspace/playground/calendar-system-design/src/pages/calendar.tsx": {"path":"/media/hugo/1b46445e-387f-4fcd-8c2a-14bda4906466/Documents/workspace/playground/calendar-system-design/src/pages/calendar.tsx","statementMap":{"0":{"start":{"line":18,"column":30},"end":{"line":20,"column":null}},"1":{"start":{"line":21,"column":40},"end":{"line":21,"column":null}},"2":{"start":{"line":22,"column":46},"end":{"line":22,"column":null}},"3":{"start":{"line":23,"column":42},"end":{"line":23,"column":null}},"4":{"start":{"line":25,"column":16},"end":{"line":25,"column":null}},"5":{"start":{"line":34,"column":30},"end":{"line":56,"column":null}},"6":{"start":{"line":35,"column":4},"end":{"line":35,"column":null}},"7":{"start":{"line":37,"column":4},"end":{"line":55,"column":null}},"8":{"start":{"line":38,"column":23},"end":{"line":40,"column":null}},"9":{"start":{"line":42,"column":6},"end":{"line":46,"column":null}},"10":{"start":{"line":43,"column":8},"end":{"line":43,"column":null}},"11":{"start":{"line":44,"column":8},"end":{"line":44,"column":null}},"12":{"start":{"line":45,"column":8},"end":{"line":45,"column":null}},"13":{"start":{"line":48,"column":19},"end":{"line":48,"column":null}},"14":{"start":{"line":50,"column":6},"end":{"line":50,"column":null}},"15":{"start":{"line":51,"column":6},"end":{"line":51,"column":null}},"16":{"start":{"line":53,"column":6},"end":{"line":53,"column":null}},"17":{"start":{"line":54,"column":6},"end":{"line":54,"column":null}},"18":{"start":{"line":68,"column":19},"end":{"line":100,"column":null}},"19":{"start":{"line":69,"column":4},"end":{"line":71,"column":null}},"20":{"start":{"line":70,"column":6},"end":{"line":70,"column":null}},"21":{"start":{"line":73,"column":22},"end":{"line":75,"column":null}},"22":{"start":{"line":76,"column":21},"end":{"line":79,"column":null}},"23":{"start":{"line":81,"column":17},"end":{"line":81,"column":null}},"24":{"start":{"line":83,"column":4},"end":{"line":97,"column":null}},"25":{"start":{"line":84,"column":6},"end":{"line":88,"column":null}},"26":{"start":{"line":90,"column":6},"end":{"line":90,"column":null}},"27":{"start":{"line":92,"column":6},"end":{"line":96,"column":null}},"28":{"start":{"line":99,"column":4},"end":{"line":99,"column":null}},"29":{"start":{"line":99,"column":30},"end":{"line":99,"column":45}},"30":{"start":{"line":105,"column":2},"end":{"line":107,"column":null}},"31":{"start":{"line":106,"column":4},"end":{"line":106,"column":null}},"32":{"start":{"line":113,"column":17},"end":{"line":145,"column":null}},"33":{"start":{"line":114,"column":4},"end":{"line":143,"column":null}},"34":{"start":{"line":131,"column":27},"end":{"line":131,"column":null}},"35":{"start":{"line":131,"column":52},"end":{"line":131,"column":73}},"36":{"start":{"line":139,"column":14},"end":{"line":139,"column":null}},"37":{"start":{"line":139,"column":39},"end":{"line":139,"column":55}},"38":{"start":{"line":148,"column":2},"end":{"line":160,"column":null}},"39":{"start":{"line":149,"column":4},"end":{"line":158,"column":null}},"40":{"start":{"line":172,"column":25},"end":{"line":184,"column":null}},"41":{"start":{"line":173,"column":26},"end":{"line":173,"column":null}},"42":{"start":{"line":175,"column":4},"end":{"line":177,"column":null}},"43":{"start":{"line":176,"column":6},"end":{"line":176,"column":null}},"44":{"start":{"line":179,"column":4},"end":{"line":181,"column":null}},"45":{"start":{"line":180,"column":6},"end":{"line":180,"column":null}},"46":{"start":{"line":183,"column":4},"end":{"line":183,"column":null}},"47":{"start":{"line":186,"column":2},"end":{"line":214,"column":null}},"48":{"start":{"line":192,"column":32},"end":{"line":192,"column":null}},"49":{"start":{"line":194,"column":10},"end":{"line":210,"column":null}},"50":{"start":{"line":200,"column":31},"end":{"line":200,"column":null}}},"fnMap":{"0":{"name":"Calendar","decl":{"start":{"line":17,"column":24},"end":{"line":17,"column":35}},"loc":{"start":{"line":17,"column":35},"end":{"line":216,"column":null}}},"1":{"name":"(anonymous_1)","decl":{"start":{"line":34,"column":42},"end":{"line":34,"column":49}},"loc":{"start":{"line":34,"column":64},"end":{"line":56,"column":5}}},"2":{"name":"(anonymous_2)","decl":{"start":{"line":68,"column":19},"end":{"line":68,"column":26}},"loc":{"start":{"line":68,"column":43},"end":{"line":100,"column":null}}},"3":{"name":"(anonymous_3)","decl":{"start":{"line":99,"column":20},"end":{"line":99,"column":21}},"loc":{"start":{"line":99,"column":30},"end":{"line":99,"column":45}}},"4":{"name":"(anonymous_4)","decl":{"start":{"line":105,"column":12},"end":{"line":105,"column":18}},"loc":{"start":{"line":105,"column":18},"end":{"line":107,"column":5}}},"5":{"name":"(anonymous_5)","decl":{"start":{"line":113,"column":17},"end":{"line":113,"column":23}},"loc":{"start":{"line":113,"column":23},"end":{"line":145,"column":null}}},"6":{"name":"(anonymous_6)","decl":{"start":{"line":131,"column":21},"end":{"line":131,"column":27}},"loc":{"start":{"line":131,"column":27},"end":{"line":131,"column":null}}},"7":{"name":"(anonymous_7)","decl":{"start":{"line":131,"column":42},"end":{"line":131,"column":43}},"loc":{"start":{"line":131,"column":52},"end":{"line":131,"column":73}}},"8":{"name":"(anonymous_8)","decl":{"start":{"line":138,"column":21},"end":{"line":138,"column":27}},"loc":{"start":{"line":138,"column":27},"end":{"line":140,"column":null}}},"9":{"name":"(anonymous_9)","decl":{"start":{"line":139,"column":29},"end":{"line":139,"column":30}},"loc":{"start":{"line":139,"column":39},"end":{"line":139,"column":55}}},"10":{"name":"(anonymous_10)","decl":{"start":{"line":172,"column":25},"end":{"line":172,"column":26}},"loc":{"start":{"line":172,"column":71},"end":{"line":184,"column":null}}},"11":{"name":"(anonymous_11)","decl":{"start":{"line":191,"column":28},"end":{"line":191,"column":29}},"loc":{"start":{"line":191,"column":38},"end":{"line":212,"column":9}}},"12":{"name":"(anonymous_12)","decl":{"start":{"line":200,"column":25},"end":{"line":200,"column":31}},"loc":{"start":{"line":200,"column":31},"end":{"line":200,"column":null}}}},"branchMap":{"0":{"loc":{"start":{"line":42,"column":6},"end":{"line":46,"column":null}},"type":"if","locations":[{"start":{"line":42,"column":6},"end":{"line":46,"column":null}},{"start":{},"end":{}}]},"1":{"loc":{"start":{"line":69,"column":4},"end":{"line":71,"column":null}},"type":"if","locations":[{"start":{"line":69,"column":4},"end":{"line":71,"column":null}},{"start":{},"end":{}}]},"2":{"loc":{"start":{"line":83,"column":4},"end":{"line":97,"column":null}},"type":"if","locations":[{"start":{"line":83,"column":4},"end":{"line":97,"column":null}},{"start":{"line":91,"column":11},"end":{"line":97,"column":null}}]},"3":{"loc":{"start":{"line":148,"column":2},"end":{"line":160,"column":null}},"type":"if","locations":[{"start":{"line":148,"column":2},"end":{"line":160,"column":null}},{"start":{},"end":{}}]},"4":{"loc":{"start":{"line":148,"column":6},"end":{"line":148,"column":59}},"type":"binary-expr","locations":[{"start":{"line":148,"column":6},"end":{"line":148,"column":30}},{"start":{"line":148,"column":30},"end":{"line":148,"column":59}}]},"5":{"loc":{"start":{"line":175,"column":4},"end":{"line":177,"column":null}},"type":"if","locations":[{"start":{"line":175,"column":4},"end":{"line":177,"column":null}},{"start":{},"end":{}}]},"6":{"loc":{"start":{"line":179,"column":4},"end":{"line":181,"column":null}},"type":"if","locations":[{"start":{"line":179,"column":4},"end":{"line":181,"column":null}},{"start":{},"end":{}}]},"7":{"loc":{"start":{"line":199,"column":32},"end":{"line":199,"column":null}},"type":"cond-expr","locations":[{"start":{"line":199,"column":48},"end":{"line":199,"column":66}},{"start":{"line":199,"column":66},"end":{"line":199,"column":null}}]},"8":{"loc":{"start":{"line":204,"column":17},"end":{"line":208,"column":null}},"type":"cond-expr","locations":[{"start":{"line":205,"column":18},"end":{"line":207,"column":null}},{"start":{"line":208,"column":20},"end":{"line":208,"column":null}}]}},"s":{"0":15,"1":15,"2":15,"3":15,"4":15,"5":15,"6":5,"7":5,"8":5,"9":5,"10":1,"11":1,"12":1,"13":4,"14":4,"15":4,"16":0,"17":0,"18":15,"19":0,"20":0,"21":0,"22":0,"23":0,"24":0,"25":0,"26":0,"27":0,"28":0,"29":0,"30":15,"31":5,"32":15,"33":15,"34":1,"35":1,"36":1,"37":1,"38":15,"39":1,"40":14,"41":44,"42":44,"43":0,"44":44,"45":14,"46":30,"47":14,"48":44,"49":44,"50":0},"f":{"0":15,"1":5,"2":0,"3":0,"4":5,"5":15,"6":1,"7":1,"8":1,"9":1,"10":44,"11":44,"12":0},"b":{"0":[1,4],"1":[0,0],"2":[0,0],"3":[1,14],"4":[15,7],"5":[0,44],"6":[14,30],"7":[14,30],"8":[14,30]}}
,"/media/hugo/1b46445e-387f-4fcd-8c2a-14bda4906466/Documents/workspace/playground/calendar-system-design/src/providers/index.tsx": {"path":"/media/hugo/1b46445e-387f-4fcd-8c2a-14bda4906466/Documents/workspace/playground/calendar-system-design/src/providers/index.tsx","statementMap":{"0":{"start":{"line":5,"column":2},"end":{"line":5,"column":null}}},"fnMap":{"0":{"name":"Providers","decl":{"start":{"line":4,"column":24},"end":{"line":4,"column":34}},"loc":{"start":{"line":4,"column":75},"end":{"line":6,"column":null}}}},"branchMap":{},"s":{"0":3},"f":{"0":3},"b":{}}
,"/media/hugo/1b46445e-387f-4fcd-8c2a-14bda4906466/Documents/workspace/playground/calendar-system-design/src/server/index.ts": {"path":"/media/hugo/1b46445e-387f-4fcd-8c2a-14bda4906466/Documents/workspace/playground/calendar-system-design/src/server/index.ts","statementMap":{"0":{"start":{"line":16,"column":2},"end":{"line":48,"column":null}},"1":{"start":{"line":19,"column":6},"end":{"line":19,"column":null}},"2":{"start":{"line":21,"column":6},"end":{"line":30,"column":null}},"3":{"start":{"line":23,"column":10},"end":{"line":23,"column":null}},"4":{"start":{"line":25,"column":8},"end":{"line":27,"column":null}},"5":{"start":{"line":26,"column":10},"end":{"line":26,"column":null}},"6":{"start":{"line":29,"column":8},"end":{"line":29,"column":null}},"7":{"start":{"line":32,"column":6},"end":{"line":46,"column":null}},"8":{"start":{"line":33,"column":21},"end":{"line":35,"column":null}},"9":{"start":{"line":37,"column":8},"end":{"line":43,"column":null}},"10":{"start":{"line":38,"column":10},"end":{"line":42,"column":null}},"11":{"start":{"line":45,"column":8},"end":{"line":45,"column":null}}},"fnMap":{"0":{"name":"makeServer","decl":{"start":{"line":11,"column":16},"end":{"line":11,"column":null}},"loc":{"start":{"line":15,"column":20},"end":{"line":49,"column":null}}},"1":{"name":"(anonymous_1)","decl":{"start":{"line":18,"column":4},"end":{"line":18,"column":13}},"loc":{"start":{"line":18,"column":13},"end":{"line":47,"column":null}}},"2":{"name":"(anonymous_2)","decl":{"start":{"line":21,"column":35},"end":{"line":21,"column":36}},"loc":{"start":{"line":21,"column":51},"end":{"line":30,"column":7}}},"3":{"name":"(anonymous_3)","decl":{"start":{"line":32,"column":29},"end":{"line":32,"column":30}},"loc":{"start":{"line":32,"column":45},"end":{"line":46,"column":7}}}},"branchMap":{"0":{"loc":{"start":{"line":12,"column":2},"end":{"line":14,"column":null}},"type":"default-arg","locations":[{"start":{"line":12,"column":31},"end":{"line":14,"column":null}}]},"1":{"loc":{"start":{"line":25,"column":8},"end":{"line":27,"column":null}},"type":"if","locations":[{"start":{"line":25,"column":8},"end":{"line":27,"column":null}},{"start":{},"end":{}}]},"2":{"loc":{"start":{"line":37,"column":8},"end":{"line":43,"column":null}},"type":"if","locations":[{"start":{"line":37,"column":8},"end":{"line":43,"column":null}},{"start":{},"end":{}}]}},"s":{"0":3,"1":3,"2":3,"3":5,"4":5,"5":1,"6":4,"7":3,"8":0,"9":0,"10":0,"11":0},"f":{"0":3,"1":3,"2":5,"3":0},"b":{"0":[3],"1":[1,4],"2":[0,0]}}
,"/media/hugo/1b46445e-387f-4fcd-8c2a-14bda4906466/Documents/workspace/playground/calendar-system-design/src/server/mocks.ts": {"path":"/media/hugo/1b46445e-387f-4fcd-8c2a-14bda4906466/Documents/workspace/playground/calendar-system-design/src/server/mocks.ts","statementMap":{"0":{"start":{"line":4,"column":2},"end":{"line":7,"column":null}}},"fnMap":{},"branchMap":{},"s":{"0":1},"f":{},"b":{}}
,"/media/hugo/1b46445e-387f-4fcd-8c2a-14bda4906466/Documents/workspace/playground/calendar-system-design/src/utils/date.ts": {"path":"/media/hugo/1b46445e-387f-4fcd-8c2a-14bda4906466/Documents/workspace/playground/calendar-system-design/src/utils/date.ts","statementMap":{"0":{"start":{"line":4,"column":20},"end":{"line":4,"column":null}},"1":{"start":{"line":7,"column":2},"end":{"line":7,"column":null}},"2":{"start":{"line":11,"column":2},"end":{"line":11,"column":null}},"3":{"start":{"line":15,"column":2},"end":{"line":15,"column":null}}},"fnMap":{"0":{"name":"formatDate","decl":{"start":{"line":6,"column":16},"end":{"line":6,"column":27}},"loc":{"start":{"line":6,"column":75},"end":{"line":8,"column":null}}},"1":{"name":"addDays","decl":{"start":{"line":10,"column":16},"end":{"line":10,"column":24}},"loc":{"start":{"line":10,"column":50},"end":{"line":12,"column":null}}},"2":{"name":"subtractDays","decl":{"start":{"line":14,"column":16},"end":{"line":14,"column":29}},"loc":{"start":{"line":14,"column":55},"end":{"line":16,"column":null}}}},"branchMap":{"0":{"loc":{"start":{"line":6,"column":39},"end":{"line":6,"column":75}},"type":"default-arg","locations":[{"start":{"line":6,"column":62},"end":{"line":6,"column":75}}]}},"s":{"0":1,"1":20,"2":1,"3":1},"f":{"0":20,"1":1,"2":1},"b":{"0":[5]}}
}
