{"/media/hugo/1b46445e-387f-4fcd-8c2a-14bda4906466/Documents/workspace/playground/calendar-system-design/src/main.tsx": {"path":"/media/hugo/1b46445e-387f-4fcd-8c2a-14bda4906466/Documents/workspace/playground/calendar-system-design/src/main.tsx","statementMap":{"0":{"start":{"line":8,"column":0},"end":{"line":8,"column":null}},"1":{"start":{"line":10,"column":0},"end":{"line":16,"column":null}}},"fnMap":{},"branchMap":{},"s":{"0":0,"1":0},"f":{},"b":{}}
,"/media/hugo/1b46445e-387f-4fcd-8c2a-14bda4906466/Documents/workspace/playground/calendar-system-design/src/pages/calendar.tsx": {"path":"/media/hugo/1b46445e-387f-4fcd-8c2a-14bda4906466/Documents/workspace/playground/calendar-system-design/src/pages/calendar.tsx","statementMap":{"0":{"start":{"line":17,"column":30},"end":{"line":19,"column":null}},"1":{"start":{"line":20,"column":40},"end":{"line":20,"column":null}},"2":{"start":{"line":21,"column":46},"end":{"line":21,"column":null}},"3":{"start":{"line":22,"column":42},"end":{"line":22,"column":null}},"4":{"start":{"line":24,"column":16},"end":{"line":24,"column":null}},"5":{"start":{"line":26,"column":30},"end":{"line":48,"column":null}},"6":{"start":{"line":27,"column":4},"end":{"line":27,"column":null}},"7":{"start":{"line":29,"column":4},"end":{"line":47,"column":null}},"8":{"start":{"line":30,"column":23},"end":{"line":32,"column":null}},"9":{"start":{"line":34,"column":6},"end":{"line":38,"column":null}},"10":{"start":{"line":35,"column":8},"end":{"line":35,"column":null}},"11":{"start":{"line":36,"column":8},"end":{"line":36,"column":null}},"12":{"start":{"line":37,"column":8},"end":{"line":37,"column":null}},"13":{"start":{"line":40,"column":19},"end":{"line":40,"column":null}},"14":{"start":{"line":42,"column":6},"end":{"line":42,"column":null}},"15":{"start":{"line":43,"column":6},"end":{"line":43,"column":null}},"16":{"start":{"line":45,"column":6},"end":{"line":45,"column":null}},"17":{"start":{"line":46,"column":6},"end":{"line":46,"column":null}},"18":{"start":{"line":50,"column":19},"end":{"line":82,"column":null}},"19":{"start":{"line":51,"column":4},"end":{"line":53,"column":null}},"20":{"start":{"line":52,"column":6},"end":{"line":52,"column":null}},"21":{"start":{"line":55,"column":22},"end":{"line":57,"column":null}},"22":{"start":{"line":58,"column":21},"end":{"line":61,"column":null}},"23":{"start":{"line":63,"column":17},"end":{"line":63,"column":null}},"24":{"start":{"line":65,"column":4},"end":{"line":79,"column":null}},"25":{"start":{"line":66,"column":6},"end":{"line":70,"column":null}},"26":{"start":{"line":72,"column":6},"end":{"line":72,"column":null}},"27":{"start":{"line":74,"column":6},"end":{"line":78,"column":null}},"28":{"start":{"line":81,"column":4},"end":{"line":81,"column":null}},"29":{"start":{"line":81,"column":30},"end":{"line":81,"column":45}},"30":{"start":{"line":84,"column":2},"end":{"line":86,"column":null}},"31":{"start":{"line":85,"column":4},"end":{"line":85,"column":null}},"32":{"start":{"line":88,"column":17},"end":{"line":108,"column":null}},"33":{"start":{"line":89,"column":4},"end":{"line":106,"column":null}},"34":{"start":{"line":95,"column":25},"end":{"line":95,"column":null}},"35":{"start":{"line":95,"column":50},"end":{"line":95,"column":71}},"36":{"start":{"line":103,"column":12},"end":{"line":103,"column":null}},"37":{"start":{"line":103,"column":37},"end":{"line":103,"column":53}},"38":{"start":{"line":110,"column":2},"end":{"line":122,"column":null}},"39":{"start":{"line":111,"column":4},"end":{"line":120,"column":null}},"40":{"start":{"line":124,"column":25},"end":{"line":136,"column":null}},"41":{"start":{"line":125,"column":26},"end":{"line":125,"column":null}},"42":{"start":{"line":127,"column":4},"end":{"line":129,"column":null}},"43":{"start":{"line":128,"column":6},"end":{"line":128,"column":null}},"44":{"start":{"line":131,"column":4},"end":{"line":133,"column":null}},"45":{"start":{"line":132,"column":6},"end":{"line":132,"column":null}},"46":{"start":{"line":135,"column":4},"end":{"line":135,"column":null}},"47":{"start":{"line":138,"column":2},"end":{"line":166,"column":null}},"48":{"start":{"line":144,"column":32},"end":{"line":144,"column":null}},"49":{"start":{"line":146,"column":10},"end":{"line":162,"column":null}},"50":{"start":{"line":152,"column":31},"end":{"line":152,"column":null}}},"fnMap":{"0":{"name":"Calendar","decl":{"start":{"line":16,"column":24},"end":{"line":16,"column":35}},"loc":{"start":{"line":16,"column":35},"end":{"line":168,"column":null}}},"1":{"name":"(anonymous_1)","decl":{"start":{"line":26,"column":42},"end":{"line":26,"column":49}},"loc":{"start":{"line":26,"column":64},"end":{"line":48,"column":5}}},"2":{"name":"(anonymous_2)","decl":{"start":{"line":50,"column":19},"end":{"line":50,"column":26}},"loc":{"start":{"line":50,"column":43},"end":{"line":82,"column":null}}},"3":{"name":"(anonymous_3)","decl":{"start":{"line":81,"column":20},"end":{"line":81,"column":21}},"loc":{"start":{"line":81,"column":30},"end":{"line":81,"column":45}}},"4":{"name":"(anonymous_4)","decl":{"start":{"line":84,"column":12},"end":{"line":84,"column":18}},"loc":{"start":{"line":84,"column":18},"end":{"line":86,"column":5}}},"5":{"name":"(anonymous_5)","decl":{"start":{"line":88,"column":17},"end":{"line":88,"column":23}},"loc":{"start":{"line":88,"column":23},"end":{"line":108,"column":null}}},"6":{"name":"(anonymous_6)","decl":{"start":{"line":95,"column":19},"end":{"line":95,"column":25}},"loc":{"start":{"line":95,"column":25},"end":{"line":95,"column":null}}},"7":{"name":"(anonymous_7)","decl":{"start":{"line":95,"column":40},"end":{"line":95,"column":41}},"loc":{"start":{"line":95,"column":50},"end":{"line":95,"column":71}}},"8":{"name":"(anonymous_8)","decl":{"start":{"line":102,"column":19},"end":{"line":102,"column":25}},"loc":{"start":{"line":102,"column":25},"end":{"line":104,"column":null}}},"9":{"name":"(anonymous_9)","decl":{"start":{"line":103,"column":27},"end":{"line":103,"column":28}},"loc":{"start":{"line":103,"column":37},"end":{"line":103,"column":53}}},"10":{"name":"(anonymous_10)","decl":{"start":{"line":124,"column":25},"end":{"line":124,"column":26}},"loc":{"start":{"line":124,"column":43},"end":{"line":136,"column":null}}},"11":{"name":"(anonymous_11)","decl":{"start":{"line":143,"column":28},"end":{"line":143,"column":29}},"loc":{"start":{"line":143,"column":38},"end":{"line":164,"column":9}}},"12":{"name":"(anonymous_12)","decl":{"start":{"line":152,"column":25},"end":{"line":152,"column":31}},"loc":{"start":{"line":152,"column":31},"end":{"line":152,"column":null}}}},"branchMap":{"0":{"loc":{"start":{"line":34,"column":6},"end":{"line":38,"column":null}},"type":"if","locations":[{"start":{"line":34,"column":6},"end":{"line":38,"column":null}},{"start":{},"end":{}}]},"1":{"loc":{"start":{"line":51,"column":4},"end":{"line":53,"column":null}},"type":"if","locations":[{"start":{"line":51,"column":4},"end":{"line":53,"column":null}},{"start":{},"end":{}}]},"2":{"loc":{"start":{"line":65,"column":4},"end":{"line":79,"column":null}},"type":"if","locations":[{"start":{"line":65,"column":4},"end":{"line":79,"column":null}},{"start":{"line":73,"column":11},"end":{"line":79,"column":null}}]},"3":{"loc":{"start":{"line":110,"column":2},"end":{"line":122,"column":null}},"type":"if","locations":[{"start":{"line":110,"column":2},"end":{"line":122,"column":null}},{"start":{},"end":{}}]},"4":{"loc":{"start":{"line":110,"column":6},"end":{"line":110,"column":59}},"type":"binary-expr","locations":[{"start":{"line":110,"column":6},"end":{"line":110,"column":30}},{"start":{"line":110,"column":30},"end":{"line":110,"column":59}}]},"5":{"loc":{"start":{"line":127,"column":4},"end":{"line":129,"column":null}},"type":"if","locations":[{"start":{"line":127,"column":4},"end":{"line":129,"column":null}},{"start":{},"end":{}}]},"6":{"loc":{"start":{"line":131,"column":4},"end":{"line":133,"column":null}},"type":"if","locations":[{"start":{"line":131,"column":4},"end":{"line":133,"column":null}},{"start":{},"end":{}}]},"7":{"loc":{"start":{"line":151,"column":32},"end":{"line":151,"column":null}},"type":"cond-expr","locations":[{"start":{"line":151,"column":48},"end":{"line":151,"column":66}},{"start":{"line":151,"column":66},"end":{"line":151,"column":null}}]},"8":{"loc":{"start":{"line":156,"column":17},"end":{"line":160,"column":null}},"type":"cond-expr","locations":[{"start":{"line":157,"column":18},"end":{"line":159,"column":null}},{"start":{"line":160,"column":20},"end":{"line":160,"column":null}}]}},"s":{"0":2,"1":2,"2":2,"3":2,"4":2,"5":2,"6":1,"7":1,"8":1,"9":1,"10":0,"11":0,"12":0,"13":1,"14":1,"15":1,"16":0,"17":0,"18":2,"19":0,"20":0,"21":0,"22":0,"23":0,"24":0,"25":0,"26":0,"27":0,"28":0,"29":0,"30":2,"31":1,"32":2,"33":2,"34":0,"35":0,"36":0,"37":0,"38":2,"39":0,"40":2,"41":0,"42":0,"43":0,"44":0,"45":0,"46":0,"47":2,"48":0,"49":0,"50":0},"f":{"0":2,"1":1,"2":0,"3":0,"4":1,"5":2,"6":0,"7":0,"8":0,"9":0,"10":0,"11":0,"12":0},"b":{"0":[0,1],"1":[0,0],"2":[0,0],"3":[0,2],"4":[2,0],"5":[0,0],"6":[0,0],"7":[0,0],"8":[0,0]}}
,"/media/hugo/1b46445e-387f-4fcd-8c2a-14bda4906466/Documents/workspace/playground/calendar-system-design/src/providers/index.tsx": {"path":"/media/hugo/1b46445e-387f-4fcd-8c2a-14bda4906466/Documents/workspace/playground/calendar-system-design/src/providers/index.tsx","statementMap":{"0":{"start":{"line":5,"column":2},"end":{"line":5,"column":null}}},"fnMap":{"0":{"name":"Providers","decl":{"start":{"line":4,"column":24},"end":{"line":4,"column":34}},"loc":{"start":{"line":4,"column":75},"end":{"line":6,"column":null}}}},"branchMap":{},"s":{"0":1},"f":{"0":1},"b":{}}
,"/media/hugo/1b46445e-387f-4fcd-8c2a-14bda4906466/Documents/workspace/playground/calendar-system-design/src/server/index.ts": {"path":"/media/hugo/1b46445e-387f-4fcd-8c2a-14bda4906466/Documents/workspace/playground/calendar-system-design/src/server/index.ts","statementMap":{"0":{"start":{"line":16,"column":2},"end":{"line":48,"column":null}},"1":{"start":{"line":19,"column":6},"end":{"line":19,"column":null}},"2":{"start":{"line":21,"column":6},"end":{"line":30,"column":null}},"3":{"start":{"line":23,"column":10},"end":{"line":23,"column":null}},"4":{"start":{"line":25,"column":8},"end":{"line":27,"column":null}},"5":{"start":{"line":26,"column":10},"end":{"line":26,"column":null}},"6":{"start":{"line":29,"column":8},"end":{"line":29,"column":null}},"7":{"start":{"line":32,"column":6},"end":{"line":46,"column":null}},"8":{"start":{"line":33,"column":21},"end":{"line":35,"column":null}},"9":{"start":{"line":37,"column":8},"end":{"line":43,"column":null}},"10":{"start":{"line":38,"column":10},"end":{"line":42,"column":null}},"11":{"start":{"line":45,"column":8},"end":{"line":45,"column":null}}},"fnMap":{"0":{"name":"makeServer","decl":{"start":{"line":11,"column":16},"end":{"line":11,"column":null}},"loc":{"start":{"line":15,"column":20},"end":{"line":49,"column":null}}},"1":{"name":"(anonymous_1)","decl":{"start":{"line":18,"column":4},"end":{"line":18,"column":13}},"loc":{"start":{"line":18,"column":13},"end":{"line":47,"column":null}}},"2":{"name":"(anonymous_2)","decl":{"start":{"line":21,"column":35},"end":{"line":21,"column":36}},"loc":{"start":{"line":21,"column":51},"end":{"line":30,"column":7}}},"3":{"name":"(anonymous_3)","decl":{"start":{"line":32,"column":29},"end":{"line":32,"column":30}},"loc":{"start":{"line":32,"column":45},"end":{"line":46,"column":7}}}},"branchMap":{"0":{"loc":{"start":{"line":12,"column":2},"end":{"line":14,"column":null}},"type":"default-arg","locations":[{"start":{"line":12,"column":31},"end":{"line":14,"column":null}}]},"1":{"loc":{"start":{"line":25,"column":8},"end":{"line":27,"column":null}},"type":"if","locations":[{"start":{"line":25,"column":8},"end":{"line":27,"column":null}},{"start":{},"end":{}}]},"2":{"loc":{"start":{"line":37,"column":8},"end":{"line":43,"column":null}},"type":"if","locations":[{"start":{"line":37,"column":8},"end":{"line":43,"column":null}},{"start":{},"end":{}}]}},"s":{"0":1,"1":1,"2":1,"3":1,"4":1,"5":0,"6":1,"7":1,"8":0,"9":0,"10":0,"11":0},"f":{"0":1,"1":1,"2":1,"3":0},"b":{"0":[1],"1":[0,1],"2":[0,0]}}
,"/media/hugo/1b46445e-387f-4fcd-8c2a-14bda4906466/Documents/workspace/playground/calendar-system-design/src/server/mocks.ts": {"path":"/media/hugo/1b46445e-387f-4fcd-8c2a-14bda4906466/Documents/workspace/playground/calendar-system-design/src/server/mocks.ts","statementMap":{"0":{"start":{"line":4,"column":2},"end":{"line":7,"column":null}}},"fnMap":{},"branchMap":{},"s":{"0":1},"f":{},"b":{}}
,"/media/hugo/1b46445e-387f-4fcd-8c2a-14bda4906466/Documents/workspace/playground/calendar-system-design/src/utils/date.ts": {"path":"/media/hugo/1b46445e-387f-4fcd-8c2a-14bda4906466/Documents/workspace/playground/calendar-system-design/src/utils/date.ts","statementMap":{"0":{"start":{"line":4,"column":20},"end":{"line":4,"column":null}},"1":{"start":{"line":7,"column":2},"end":{"line":7,"column":null}},"2":{"start":{"line":11,"column":2},"end":{"line":11,"column":null}},"3":{"start":{"line":15,"column":2},"end":{"line":15,"column":null}}},"fnMap":{"0":{"name":"formatDate","decl":{"start":{"line":6,"column":16},"end":{"line":6,"column":27}},"loc":{"start":{"line":6,"column":75},"end":{"line":8,"column":null}}},"1":{"name":"addDays","decl":{"start":{"line":10,"column":16},"end":{"line":10,"column":24}},"loc":{"start":{"line":10,"column":50},"end":{"line":12,"column":null}}},"2":{"name":"subtractDays","decl":{"start":{"line":14,"column":16},"end":{"line":14,"column":29}},"loc":{"start":{"line":14,"column":55},"end":{"line":16,"column":null}}}},"branchMap":{"0":{"loc":{"start":{"line":6,"column":39},"end":{"line":6,"column":75}},"type":"default-arg","locations":[{"start":{"line":6,"column":62},"end":{"line":6,"column":75}}]}},"s":{"0":1,"1":3,"2":0,"3":0},"f":{"0":3,"1":0,"2":0},"b":{"0":[1]}}
}
